🎴 Generating 52 playing cards...
📁 Output directory: /Users/alpha/Documents/tor/sera/client_meta/arm_tech/no.limit.bisetka/bisetka/assets/cards

🎴 Generating A-hearts.png...
✅ Generated A-hearts.png
Progress: 1/52 (1 new, 0 skipped, 0 failed)

🎴 Generating 2-hearts.png...
✅ Generated 2-hearts.png
Progress: 2/52 (2 new, 0 skipped, 0 failed)

🎴 Generating 3-hearts.png...
✅ Generated 3-hearts.png
Progress: 3/52 (3 new, 0 skipped, 0 failed)

🎴 Generating 4-hearts.png...
✅ Generated 4-hearts.png
Progress: 4/52 (4 new, 0 skipped, 0 failed)

🎴 Generating 5-hearts.png...
✅ Generated 5-hearts.png
Progress: 5/52 (5 new, 0 skipped, 0 failed)

🎴 Generating 6-hearts.png...
✅ Generated 6-hearts.png
Progress: 6/52 (6 new, 0 skipped, 0 failed)

🎴 Generating 7-hearts.png...
✅ Generated 7-hearts.png
Progress: 7/52 (7 new, 0 skipped, 0 failed)

🎴 Generating 8-hearts.png...
✅ Generated 8-hearts.png
Progress: 8/52 (8 new, 0 skipped, 0 failed)

🎴 Generating 9-hearts.png...
✅ Generated 9-hearts.png
Progress: 9/52 (9 new, 0 skipped, 0 failed)

🎴 Generating 10-hearts.png...
✅ Generated 10-hearts.png
Progress: 10/52 (10 new, 0 skipped, 0 failed)

🎴 Generating J-hearts.png...
✅ Generated J-hearts.png
Progress: 11/52 (11 new, 0 skipped, 0 failed)

🎴 Generating Q-hearts.png...
✅ Generated Q-hearts.png
Progress: 12/52 (12 new, 0 skipped, 0 failed)

🎴 Generating K-hearts.png...
✅ Generated K-hearts.png
Progress: 13/52 (13 new, 0 skipped, 0 failed)

🎴 Generating A-diamonds.png...
✅ Generated A-diamonds.png
Progress: 14/52 (14 new, 0 skipped, 0 failed)

🎴 Generating 2-diamonds.png...
✅ Generated 2-diamonds.png
Progress: 15/52 (15 new, 0 skipped, 0 failed)

🎴 Generating 3-diamonds.png...
✅ Generated 3-diamonds.png
Progress: 16/52 (16 new, 0 skipped, 0 failed)

🎴 Generating 4-diamonds.png...
✅ Generated 4-diamonds.png
Progress: 17/52 (17 new, 0 skipped, 0 failed)

🎴 Generating 5-diamonds.png...
✅ Generated 5-diamonds.png
Progress: 18/52 (18 new, 0 skipped, 0 failed)

🎴 Generating 6-diamonds.png...
✅ Generated 6-diamonds.png
Progress: 19/52 (19 new, 0 skipped, 0 failed)

🎴 Generating 7-diamonds.png...
✅ Generated 7-diamonds.png
Progress: 20/52 (20 new, 0 skipped, 0 failed)

🎴 Generating 8-diamonds.png...
✅ Generated 8-diamonds.png
Progress: 21/52 (21 new, 0 skipped, 0 failed)

🎴 Generating 9-diamonds.png...
✅ Generated 9-diamonds.png
Progress: 22/52 (22 new, 0 skipped, 0 failed)

🎴 Generating 10-diamonds.png...
✅ Generated 10-diamonds.png
Progress: 23/52 (23 new, 0 skipped, 0 failed)

🎴 Generating J-diamonds.png...
✅ Generated J-diamonds.png
Progress: 24/52 (24 new, 0 skipped, 0 failed)

🎴 Generating Q-diamonds.png...
✅ Generated Q-diamonds.png
Progress: 25/52 (25 new, 0 skipped, 0 failed)

🎴 Generating K-diamonds.png...
✅ Generated K-diamonds.png
Progress: 26/52 (26 new, 0 skipped, 0 failed)

🎴 Generating A-clubs.png...
✅ Generated A-clubs.png
Progress: 27/52 (27 new, 0 skipped, 0 failed)

🎴 Generating 2-clubs.png...
✅ Generated 2-clubs.png
Progress: 28/52 (28 new, 0 skipped, 0 failed)

🎴 Generating 3-clubs.png...
✅ Generated 3-clubs.png
Progress: 29/52 (29 new, 0 skipped, 0 failed)

🎴 Generating 4-clubs.png...
✅ Generated 4-clubs.png
Progress: 30/52 (30 new, 0 skipped, 0 failed)

🎴 Generating 5-clubs.png...
✅ Generated 5-clubs.png
Progress: 31/52 (31 new, 0 skipped, 0 failed)

🎴 Generating 6-clubs.png...
✅ Generated 6-clubs.png
Progress: 32/52 (32 new, 0 skipped, 0 failed)

🎴 Generating 7-clubs.png...
✅ Generated 7-clubs.png
Progress: 33/52 (33 new, 0 skipped, 0 failed)

🎴 Generating 8-clubs.png...
✅ Generated 8-clubs.png
Progress: 34/52 (34 new, 0 skipped, 0 failed)

🎴 Generating 9-clubs.png...
✅ Generated 9-clubs.png
Progress: 35/52 (35 new, 0 skipped, 0 failed)

🎴 Generating 10-clubs.png...
✅ Generated 10-clubs.png
Progress: 36/52 (36 new, 0 skipped, 0 failed)

🎴 Generating J-clubs.png...
✅ Generated J-clubs.png
Progress: 37/52 (37 new, 0 skipped, 0 failed)

🎴 Generating Q-clubs.png...
✅ Generated Q-clubs.png
Progress: 38/52 (38 new, 0 skipped, 0 failed)

🎴 Generating K-clubs.png...
✅ Generated K-clubs.png
Progress: 39/52 (39 new, 0 skipped, 0 failed)

✓ Skipping A-spades.png (already exists)
Progress: 40/52 (40 new, 0 skipped, 0 failed)

🎴 Generating 2-spades.png...
✅ Generated 2-spades.png
Progress: 41/52 (41 new, 0 skipped, 0 failed)

🎴 Generating 3-spades.png...
✅ Generated 3-spades.png
Progress: 42/52 (42 new, 0 skipped, 0 failed)

🎴 Generating 4-spades.png...
✅ Generated 4-spades.png
Progress: 43/52 (43 new, 0 skipped, 0 failed)

🎴 Generating 5-spades.png...
✅ Generated 5-spades.png
Progress: 44/52 (44 new, 0 skipped, 0 failed)

🎴 Generating 6-spades.png...
✅ Generated 6-spades.png
Progress: 45/52 (45 new, 0 skipped, 0 failed)

🎴 Generating 7-spades.png...
✅ Generated 7-spades.png
Progress: 46/52 (46 new, 0 skipped, 0 failed)

🎴 Generating 8-spades.png...
✅ Generated 8-spades.png
Progress: 47/52 (47 new, 0 skipped, 0 failed)

🎴 Generating 9-spades.png...
✅ Generated 9-spades.png
Progress: 48/52 (48 new, 0 skipped, 0 failed)

🎴 Generating 10-spades.png...
✅ Generated 10-spades.png
Progress: 49/52 (49 new, 0 skipped, 0 failed)

🎴 Generating J-spades.png...
✅ Generated J-spades.png
Progress: 50/52 (50 new, 0 skipped, 0 failed)

🎴 Generating Q-spades.png...
✅ Generated Q-spades.png
Progress: 51/52 (51 new, 0 skipped, 0 failed)

🎴 Generating K-spades.png...
✅ Generated K-spades.png
Progress: 52/52 (52 new, 0 skipped, 0 failed)


==================================================
🎉 Card generation complete!
✅ Generated: 52
⏭️  Skipped: 0
❌ Failed: 0
⏱️  Time: 2255.7s
==================================================
